<?xml version="1.0" encoding="UTF-8"?>
<!-- Generated by org.testng.reporters.JUnitReportReporter -->
<testsuite hostname="DESKTOP-I0BIVMT" failures="0" tests="2" name="selenium.Testing2" time="0.006" errors="0" timestamp="2022-08-25T08:57:49 EDT" skipped="0">
  <testcase classname="selenium.Testing2" name="test5" time="0.000"/>
  <system-out/>
  <testcase classname="selenium.Testing2" name="test4" time="0.006"/>
  <system-out/>
</testsuite> <!-- selenium.Testing2 -->
